<?xml version="1.0" encoding="UTF-8"?>
<testng-results ignored="0" total="5" passed="4" failed="1" skipped="0">
  <reporter-output>
  </reporter-output>
  <suite started-at="2026-07-01T23:04:40 IST" name="LearnAutomation Suite" finished-at="2026-07-01T23:05:40 IST" duration-ms="60178">
    <groups>
    </groups>
    <test started-at="2026-07-01T23:04:40 IST" name="Learn Automation Tests" finished-at="2026-07-01T23:05:40 IST" duration-ms="60178">
      <class name="tests.TC_002_VerifyEmptyFormValidation">
        <test-method is-config="true" signature="setUp()[pri:0, instance:tests.TC_002_VerifyEmptyFormValidation@36ebc363]" started-at="2026-07-01T23:04:51 IST" name="setUp" finished-at="2026-07-01T23:05:01 IST" duration-ms="9902" status="PASS">
          <reporter-output>
          </reporter-output>
        </test-method> <!-- setUp -->
        <test-method signature="verifyEmptyFormValidation()[pri:2, instance:tests.TC_002_VerifyEmptyFormValidation@36ebc363]" started-at="2026-07-01T23:05:01 IST" name="verifyEmptyFormValidation" description="TC_002 – Validate empty form submission on Add Course" finished-at="2026-07-01T23:05:04 IST" duration-ms="2917" status="PASS">
          <reporter-output>
          </reporter-output>
        </test-method> <!-- verifyEmptyFormValidation -->
        <test-method is-config="true" signature="tearDown()[pri:0, instance:tests.TC_002_VerifyEmptyFormValidation@36ebc363]" started-at="2026-07-01T23:05:04 IST" name="tearDown" finished-at="2026-07-01T23:05:05 IST" duration-ms="947" status="PASS">
          <reporter-output>
          </reporter-output>
        </test-method> <!-- tearDown -->
      </class> <!-- tests.TC_002_VerifyEmptyFormValidation -->
      <class name="tests.TC_005_Logout">
        <test-method is-config="true" signature="setUp()[pri:0, instance:tests.TC_005_Logout@3c41ed1d]" started-at="2026-07-01T23:05:30 IST" name="setUp" finished-at="2026-07-01T23:05:38 IST" duration-ms="8091" status="PASS">
          <reporter-output>
          </reporter-output>
        </test-method> <!-- setUp -->
        <test-method signature="verifyLogout()[pri:5, instance:tests.TC_005_Logout@3c41ed1d]" started-at="2026-07-01T23:05:38 IST" name="verifyLogout" description="TC_005 – Logout from the application" finished-at="2026-07-01T23:05:40 IST" duration-ms="1460" status="PASS">
          <reporter-output>
          </reporter-output>
        </test-method> <!-- verifyLogout -->
        <test-method is-config="true" signature="tearDown()[pri:0, instance:tests.TC_005_Logout@3c41ed1d]" started-at="2026-07-01T23:05:40 IST" name="tearDown" finished-at="2026-07-01T23:05:40 IST" duration-ms="221" status="PASS">
          <reporter-output>
          </reporter-output>
        </test-method> <!-- tearDown -->
      </class> <!-- tests.TC_005_Logout -->
      <class name="tests.TC_004_DeleteCourse">
        <test-method is-config="true" signature="setUp()[pri:0, instance:tests.TC_004_DeleteCourse@34e9fd99]" started-at="2026-07-01T23:05:19 IST" name="setUp" finished-at="2026-07-01T23:05:27 IST" duration-ms="8012" status="PASS">
          <reporter-output>
          </reporter-output>
        </test-method> <!-- setUp -->
        <test-method signature="deleteCourse()[pri:4, instance:tests.TC_004_DeleteCourse@34e9fd99]" started-at="2026-07-01T23:05:27 IST" name="deleteCourse" description="TC_004 – Delete an existing course" finished-at="2026-07-01T23:05:30 IST" duration-ms="2334" status="FAIL">
          <exception class="java.lang.RuntimeException">
            <message>
              <![CDATA[Found course row but could not activate deletion controls for: Selenium Automation QA - Auto Test - 2026-07-01_23-05-16-154]]>
            </message>
            <full-stacktrace>
              <![CDATA[java.lang.RuntimeException: Found course row but could not activate deletion controls for: Selenium Automation QA - Auto Test - 2026-07-01_23-05-16-154
at pages.ManageCoursesPage.deleteCourseByName(ManageCoursesPage.java:167)
at tests.TC_004_DeleteCourse.deleteCourse(TC_004_DeleteCourse.java:46)
at java.base/jdk.internal.reflect.DirectMethodHandleAccessor.invoke(DirectMethodHandleAccessor.java:103)
at java.base/java.lang.reflect.Method.invoke(Method.java:580)
at org.testng.internal.invokers.MethodInvocationHelper.invokeMethod(MethodInvocationHelper.java:139)
at org.testng.internal.invokers.TestInvoker.invokeMethod(TestInvoker.java:664)
at org.testng.internal.invokers.TestInvoker.invokeTestMethod(TestInvoker.java:228)
at org.testng.internal.invokers.MethodRunner.runInSequence(MethodRunner.java:63)
at org.testng.internal.invokers.TestInvoker$MethodInvocationAgent.invoke(TestInvoker.java:961)
at org.testng.internal.invokers.TestInvoker.invokeTestMethods(TestInvoker.java:201)
at org.testng.internal.invokers.TestMethodWorker.invokeTestMethods(TestMethodWorker.java:148)
at org.testng.internal.invokers.TestMethodWorker.run(TestMethodWorker.java:128)
at java.base/java.util.ArrayList.forEach(ArrayList.java:1596)
at org.testng.TestRunner.privateRun(TestRunner.java:819)
at org.testng.TestRunner.run(TestRunner.java:619)
at org.testng.SuiteRunner.runTest(SuiteRunner.java:443)
at org.testng.SuiteRunner.runSequentially(SuiteRunner.java:437)
at org.testng.SuiteRunner.privateRun(SuiteRunner.java:397)
at org.testng.SuiteRunner.run(SuiteRunner.java:336)
at org.testng.SuiteRunnerWorker.runSuite(SuiteRunnerWorker.java:52)
at org.testng.SuiteRunnerWorker.run(SuiteRunnerWorker.java:95)
at org.testng.TestNG.runSuitesSequentially(TestNG.java:1301)
at org.testng.TestNG.runSuitesLocally(TestNG.java:1228)
at org.testng.TestNG.runSuites(TestNG.java:1134)
at org.testng.TestNG.run(TestNG.java:1101)
at org.testng.remote.AbstractRemoteTestNG.run(AbstractRemoteTestNG.java:115)
at org.testng.remote.RemoteTestNG.initAndRun(RemoteTestNG.java:293)
at org.testng.remote.RemoteTestNG.main(RemoteTestNG.java:91)
]]>
            </full-stacktrace>
          </exception> <!-- java.lang.RuntimeException -->
          <reporter-output>
          </reporter-output>
        </test-method> <!-- deleteCourse -->
        <test-method is-config="true" signature="tearDown()[pri:0, instance:tests.TC_004_DeleteCourse@34e9fd99]" started-at="2026-07-01T23:05:30 IST" name="tearDown" finished-at="2026-07-01T23:05:30 IST" duration-ms="178" status="PASS">
          <reporter-output>
          </reporter-output>
        </test-method> <!-- tearDown -->
      </class> <!-- tests.TC_004_DeleteCourse -->
      <class name="tests.TC_001_Login">
        <test-method is-config="true" signature="setUp()[pri:0, instance:tests.TC_001_Login@75d4a5c2]" started-at="2026-07-01T23:04:40 IST" name="setUp" finished-at="2026-07-01T23:04:49 IST" duration-ms="8624" status="PASS">
          <reporter-output>
          </reporter-output>
        </test-method> <!-- setUp -->
        <test-method signature="verifyLogin()[pri:1, instance:tests.TC_001_Login@75d4a5c2]" started-at="2026-07-01T23:04:49 IST" name="verifyLogin" description="TC_001 – Login with valid credentials" finished-at="2026-07-01T23:04:50 IST" duration-ms="1676" status="PASS">
          <reporter-output>
          </reporter-output>
        </test-method> <!-- verifyLogin -->
        <test-method is-config="true" signature="tearDown()[pri:0, instance:tests.TC_001_Login@75d4a5c2]" started-at="2026-07-01T23:04:50 IST" name="tearDown" finished-at="2026-07-01T23:04:51 IST" duration-ms="740" status="PASS">
          <reporter-output>
          </reporter-output>
        </test-method> <!-- tearDown -->
      </class> <!-- tests.TC_001_Login -->
      <class name="tests.TC_003_AddNewCourse">
        <test-method is-config="true" signature="setUp()[pri:0, instance:tests.TC_003_AddNewCourse@45752059]" started-at="2026-07-01T23:05:05 IST" name="setUp" finished-at="2026-07-01T23:05:14 IST" duration-ms="8652" status="PASS">
          <reporter-output>
          </reporter-output>
        </test-method> <!-- setUp -->
        <test-method signature="addNewCourse()[pri:3, instance:tests.TC_003_AddNewCourse@45752059]" started-at="2026-07-01T23:05:14 IST" name="addNewCourse" description="TC_003 – Add a new course" finished-at="2026-07-01T23:05:19 IST" duration-ms="5116" status="PASS">
          <reporter-output>
          </reporter-output>
        </test-method> <!-- addNewCourse -->
        <test-method is-config="true" signature="tearDown()[pri:0, instance:tests.TC_003_AddNewCourse@45752059]" started-at="2026-07-01T23:05:19 IST" name="tearDown" finished-at="2026-07-01T23:05:19 IST" duration-ms="196" status="PASS">
          <reporter-output>
          </reporter-output>
        </test-method> <!-- tearDown -->
      </class> <!-- tests.TC_003_AddNewCourse -->
    </test> <!-- Learn Automation Tests -->
  </suite> <!-- LearnAutomation Suite -->
</testng-results>
