<?xml version="1.0" encoding="UTF-8"?>
<!-- Generated by org.testng.reporters.JUnitXMLReporter -->
<testsuite ignored="0" hostname="ETech-J4Q8J84" failures="1" tests="5" name="Learn Automation Tests" time="113.236" errors="0" timestamp="2026-07-01T19:58:53 IST">
  <testcase classname="tests.TC_001_Login" name="verifyLogin" time="4.013"/>
  <testcase classname="tests.TC_002_VerifyEmptyFormValidation" name="verifyEmptyFormValidation" time="4.207"/>
  <testcase classname="tests.TC_003_AddNewCourse" name="addNewCourse" time="17.867"/>
  <testcase classname="tests.TC_004_DeleteCourse" name="deleteCourse" time="6.953">
    <failure type="java.lang.RuntimeException" message="Course not found on page: Selenium Automation QA - Auto Test - 2026-07-01_19-57-58-060">
      <![CDATA[java.lang.RuntimeException: Course not found on page: Selenium Automation QA - Auto Test - 2026-07-01_19-57-58-060
at pages.ManageCoursesPage.deleteCourseByName(ManageCoursesPage.java:162)
at tests.TC_004_DeleteCourse.deleteCourse(TC_004_DeleteCourse.java:46)
at java.base/java.util.ArrayList.forEach(ArrayList.java:1596)
... Removed 29 stack frames]]>
    </failure>
  </testcase> <!-- deleteCourse -->
  <testcase classname="tests.TC_005_Logout" name="verifyLogout" time="4.135"/>
</testsuite> <!-- Learn Automation Tests -->
