<?xml version="1.0" encoding="UTF-8"?>
<!-- Generated by org.testng.reporters.JUnitXMLReporter -->
<testsuite ignored="0" hostname="ETech-J4Q8J84" failures="1" tests="5" name="Learn Automation Tests" time="60.178" errors="0" timestamp="2026-07-01T23:05:40 IST">
  <testcase classname="tests.TC_001_Login" name="verifyLogin" time="1.676"/>
  <testcase classname="tests.TC_002_VerifyEmptyFormValidation" name="verifyEmptyFormValidation" time="2.917"/>
  <testcase classname="tests.TC_003_AddNewCourse" name="addNewCourse" time="5.116"/>
  <testcase classname="tests.TC_004_DeleteCourse" name="deleteCourse" time="2.334">
    <failure type="java.lang.RuntimeException" message="Found course row but could not activate deletion controls for: Selenium Automation QA - Auto Test - 2026-07-01_23-05-16-154">
      <![CDATA[java.lang.RuntimeException: Found course row but could not activate deletion controls for: Selenium Automation QA - Auto Test - 2026-07-01_23-05-16-154
at pages.ManageCoursesPage.deleteCourseByName(ManageCoursesPage.java:167)
at tests.TC_004_DeleteCourse.deleteCourse(TC_004_DeleteCourse.java:46)
at java.base/java.util.ArrayList.forEach(ArrayList.java:1596)
... Removed 25 stack frames]]>
    </failure>
  </testcase> <!-- deleteCourse -->
  <testcase classname="tests.TC_005_Logout" name="verifyLogout" time="1.46"/>
</testsuite> <!-- Learn Automation Tests -->
